Initializing database...
Database initialized successfully
✅ Database ready
🤖 ElevenLabs Agent ID: agent_7901khz299zdfvcbhtk3c08vcps8
✅ Server running on http://0.0.0.0:3001
🎙️  WebSocket server ready for voice AI connections
Voice AI client connected: 1771643321092-sgtrt3pze
Setting up ElevenLabs voice for session: 1771643321092-sgtrt3pze
Session 1771643321092-sgtrt3pze closed
Voice AI client connected: 1771648982310-axfk0gcm0
Setting up ElevenLabs voice for session: 1771648982310-axfk0gcm0
Session 1771648982310-axfk0gcm0 closed
Voice AI client connected: 1771649460987-ray9297ze
Setting up ElevenLabs voice for session: 1771649460987-ray9297ze
Session 1771649460987-ray9297ze closed
Voice AI client connected: 1771649796967-5xmtejm9g
Setting up ElevenLabs voice for session: 1771649796967-5xmtejm9g
Session 1771649796967-5xmtejm9g closed
Voice AI client connected: 1771651187647-irpplgizf
Setting up ElevenLabs voice for session: 1771651187647-irpplgizf
Session 1771651187647-irpplgizf closed
Voice AI client connected: 1771653423867-7y70gh2wp
Setting up ElevenLabs voice for session: 1771653423867-7y70gh2wp
Session 1771653423867-7y70gh2wp closed
